<?xml version="1.0" encoding="UTF-8"?>
<testsuite xmlns:xsi="http://www.w3.org/2001/XMLSchema-instance" xsi:noNamespaceSchemaLocation="https://maven.apache.org/surefire/maven-surefire-plugin/xsd/surefire-test-report.xsd" name="com.project.softwareTesting.ProjectTest" time="0.12" tests="14" errors="0" skipped="0" failures="0">
  <properties>
[...]
</properties>
  <testcase name="PenUPDown" classname="com.project.softwareTesting.ProjectTest" time="0.047"/>
  <testcase name="XYDefaultpositions" classname="com.project.softwareTesting.ProjectTest" time="0.025"/>
  <testcase name="TestingDirectionofPen2" classname="com.project.softwareTesting.ProjectTest" time="0.002"/>
  <testcase name="Moveforwardandbackward" classname="com.project.softwareTesting.ProjectTest" time="0"/>
  <testcase name="PrintingAstriskSign2" classname="com.project.softwareTesting.ProjectTest" time="0.001"/>
  <testcase name="PrintingAstriskSign3" classname="com.project.softwareTesting.ProjectTest" time="0.005"/>
  <testcase name="TurnLeft" classname="com.project.softwareTesting.ProjectTest" time="0"/>
  <testcase name="TestingDirectionofPen" classname="com.project.softwareTesting.ProjectTest" time="0.001"/>
  <testcase name="PrintingAstriskSign" classname="com.project.softwareTesting.ProjectTest" time="0.007"/>
  <testcase name="testfloorSize" classname="com.project.softwareTesting.ProjectTest" time="0.001"/>
  <testcase name="TestBoundaryConditions" classname="com.project.softwareTesting.ProjectTest" time="0.001"/>
  <testcase name="testInputCommandQ" classname="com.project.softwareTesting.ProjectTest" time="0.001"/>
  <testcase name="TurnRight" classname="com.project.softwareTesting.ProjectTest" time="0"/>
  <testcase name="CurrentPosition" classname="com.project.softwareTesting.ProjectTest" time="0.001"/>
</testsuite>